<?xml version="1.0" encoding="UTF-8"?>
<!-- Generated by org.testng.reporters.JUnitReportReporter -->
<testsuite hostname="LAPTOP-CV62C1JN" failures="0" tests="2" name="chicMic.LoginPage.LoginPage" time="76.662" errors="0" timestamp="2024-07-07T15:41:50 IST" skipped="0">
  <testcase classname="chicMic.LoginPage.LoginPage" name="uniqueAddCandidate" time="62.740"/>
  <testcase classname="chicMic.LoginPage.LoginPage" name="chicMicURL" time="13.922"/>
</testsuite> <!-- chicMic.LoginPage.LoginPage -->
